<?xml version="1.0" encoding="UTF-8"?>
<!-- Generated by org.testng.reporters.JUnitReportReporter -->
<testsuite hostname="LAPTOP-SVTJBI9D" failures="0" tests="1" name="testpackage.Testclass3" time="0.032" errors="0" timestamp="27 Feb 2019 08:15:00 GMT" skipped="0">
  <testcase classname="testpackage.Testclass3" name="Test3" time="0.032"/>
</testsuite> <!-- testpackage.Testclass3 -->
