<?xml version="1.0" encoding="UTF-8"?>
<!-- Generated by org.testng.reporters.JUnitReportReporter -->
<testsuite hostname="LAPTOP-SVTJBI9D" failures="0" tests="1" name="testpackage.TestClass" time="0.028" errors="0" timestamp="28 Feb 2019 02:17:28 GMT" skipped="0">
  <testcase classname="testpackage.TestClass" name="test1" time="0.028"/>
</testsuite> <!-- testpackage.TestClass -->
